[2022-04-09 04:16:33,576] multiqc                                            [DEBUG  ]  No MultiQC config found: /share/pkg.7/multiqc/1.10.1/install/lib/python3.7/site-packages/multiqc_config.yaml
[2022-04-09 04:16:33,576] multiqc                                            [DEBUG  ]  No MultiQC config found: /usr4/bf527/duran01/.multiqc_config.yaml
[2022-04-09 04:16:33,576] multiqc                                            [DEBUG  ]  No MultiQC config found: multiqc_config.yaml
[2022-04-09 04:16:33,576] multiqc                                            [DEBUG  ]  Command used: /share/pkg.7/multiqc/1.10.1/install/bin/multiqc /projectnb/bf528/users/swiss_cheese_2022/project_3/programmer/featurecounts
[2022-04-09 04:16:34,183] multiqc                                            [WARNING]  MultiQC Version v1.12 now available!
[2022-04-09 04:16:34,183] multiqc                                            [INFO   ]  This is MultiQC v1.10.1
[2022-04-09 04:16:34,183] multiqc                                            [DEBUG  ]  Command     : /share/pkg.7/multiqc/1.10.1/install/bin/multiqc /projectnb/bf528/users/swiss_cheese_2022/project_3/programmer/featurecounts
[2022-04-09 04:16:34,183] multiqc                                            [DEBUG  ]  Working dir : /projectnb2/bf528/users/swiss_cheese_2022/project_3/programmer
[2022-04-09 04:16:34,183] multiqc                                            [INFO   ]  Template    : default
[2022-04-09 04:16:34,183] multiqc                                            [DEBUG  ]  Running Python 3.7.9 (default, Oct 26 2020, 11:27:26)  [GCC 4.8.5 20150623 (Red Hat 4.8.5-39)]
[2022-04-09 04:16:34,183] multiqc                                            [INFO   ]  Searching   : /projectnb/bf528/users/swiss_cheese_2022/project_3/programmer/featurecounts
[2022-04-09 04:16:34,184] multiqc                                            [DEBUG  ]  Analysing modules: custom_content, ngsderive, purple, conpair, peddy, somalier, methylQA, mosdepth, phantompeakqualtools, qualimap, preseq, quast, qorts, rna_seqc, rockhopper, rsem, rseqc, busco, goleft_indexcov, disambiguate, supernova, deeptools, sargasso, verifybamid, mirtrace, happy, mirtop, homer, hops, macs2, theta2, snpeff, gatk, htseq, bcftools, featureCounts, fgbio, dragen, dedup, damageprofiler, biobambam2, jcvi, mtnucratio, picard, sentieon, prokka, qc3C, samblaster, samtools, sexdeterrmine, eigenstratdatabasetools, bamtools, jellyfish, vcftools, longranger, stacks, varscan2, bbmap, bismark, biscuit, hicexplorer, hicup, hicpro, salmon, kallisto, slamdunk, star, hisat2, tophat, bowtie2, bowtie1, snpsplit, kat, leehom, adapterRemoval, clipandmerge, cutadapt, flexbar, kaiju, kraken, malt, trimmomatic, sickle, skewer, sortmerna, biobloomtools, fastq_screen, afterqc, fastp, fastqc, pychopper, pycoqc, minionqc, multivcfanalyzer, clusterflow, bcl2fastq, interop, ivar, flash, seqyclean, optitype
[2022-04-09 04:16:34,184] multiqc                                            [DEBUG  ]  Using temporary directory for creating report: /scratch/4065766.1.academic/tmprmxhwj8c
[2022-04-09 04:16:34,410] multiqc                                            [DEBUG  ]  File ignored by hicexplorer because it exceeded search pattern filesize limit: featureCounts_outputSRR1178049.txt
[2022-04-09 04:16:34,415] multiqc                                            [DEBUG  ]  File ignored by longranger/invocation because it exceeded search pattern filesize limit: featureCounts_outputSRR1178049.txt
[2022-04-09 04:16:34,416] multiqc                                            [DEBUG  ]  File ignored by rockhopper because it exceeded search pattern filesize limit: featureCounts_outputSRR1178049.txt
[2022-04-09 04:16:34,416] multiqc                                            [DEBUG  ]  File ignored by rseqc/bam_stat because it exceeded search pattern filesize limit: featureCounts_outputSRR1178049.txt
[2022-04-09 04:16:34,416] multiqc                                            [DEBUG  ]  File ignored by rseqc/junction_annotation because it exceeded search pattern filesize limit: featureCounts_outputSRR1178049.txt
[2022-04-09 04:16:34,416] multiqc                                            [DEBUG  ]  File ignored by rseqc/read_distribution because it exceeded search pattern filesize limit: featureCounts_outputSRR1178049.txt
[2022-04-09 04:16:34,416] multiqc                                            [DEBUG  ]  File ignored by rseqc/infer_experiment because it exceeded search pattern filesize limit: featureCounts_outputSRR1178049.txt
[2022-04-09 04:16:34,429] multiqc                                            [DEBUG  ]  File ignored by stacks/sumstats because it exceeded search pattern filesize limit: featureCounts_outputSRR1178049.txt
[2022-04-09 04:16:34,952] multiqc                                            [DEBUG  ]  File ignored by hicexplorer because it exceeded search pattern filesize limit: featureCounts_outputSRR1177985.txt
[2022-04-09 04:16:34,956] multiqc                                            [DEBUG  ]  File ignored by longranger/invocation because it exceeded search pattern filesize limit: featureCounts_outputSRR1177985.txt
[2022-04-09 04:16:34,956] multiqc                                            [DEBUG  ]  File ignored by rockhopper because it exceeded search pattern filesize limit: featureCounts_outputSRR1177985.txt
[2022-04-09 04:16:34,956] multiqc                                            [DEBUG  ]  File ignored by rseqc/bam_stat because it exceeded search pattern filesize limit: featureCounts_outputSRR1177985.txt
[2022-04-09 04:16:34,956] multiqc                                            [DEBUG  ]  File ignored by rseqc/junction_annotation because it exceeded search pattern filesize limit: featureCounts_outputSRR1177985.txt
[2022-04-09 04:16:34,956] multiqc                                            [DEBUG  ]  File ignored by rseqc/read_distribution because it exceeded search pattern filesize limit: featureCounts_outputSRR1177985.txt
[2022-04-09 04:16:34,956] multiqc                                            [DEBUG  ]  File ignored by rseqc/infer_experiment because it exceeded search pattern filesize limit: featureCounts_outputSRR1177985.txt
[2022-04-09 04:16:34,969] multiqc                                            [DEBUG  ]  File ignored by stacks/sumstats because it exceeded search pattern filesize limit: featureCounts_outputSRR1177985.txt
[2022-04-09 04:16:35,450] multiqc                                            [DEBUG  ]  File ignored by hicexplorer because it exceeded search pattern filesize limit: featureCounts_outputSRR1177967.txt
[2022-04-09 04:16:35,455] multiqc                                            [DEBUG  ]  File ignored by longranger/invocation because it exceeded search pattern filesize limit: featureCounts_outputSRR1177967.txt
[2022-04-09 04:16:35,455] multiqc                                            [DEBUG  ]  File ignored by rockhopper because it exceeded search pattern filesize limit: featureCounts_outputSRR1177967.txt
[2022-04-09 04:16:35,455] multiqc                                            [DEBUG  ]  File ignored by rseqc/bam_stat because it exceeded search pattern filesize limit: featureCounts_outputSRR1177967.txt
[2022-04-09 04:16:35,455] multiqc                                            [DEBUG  ]  File ignored by rseqc/junction_annotation because it exceeded search pattern filesize limit: featureCounts_outputSRR1177967.txt
[2022-04-09 04:16:35,455] multiqc                                            [DEBUG  ]  File ignored by rseqc/read_distribution because it exceeded search pattern filesize limit: featureCounts_outputSRR1177967.txt
[2022-04-09 04:16:35,455] multiqc                                            [DEBUG  ]  File ignored by rseqc/infer_experiment because it exceeded search pattern filesize limit: featureCounts_outputSRR1177967.txt
[2022-04-09 04:16:35,469] multiqc                                            [DEBUG  ]  File ignored by stacks/sumstats because it exceeded search pattern filesize limit: featureCounts_outputSRR1177967.txt
[2022-04-09 04:16:35,984] multiqc                                            [DEBUG  ]  File ignored by hicexplorer because it exceeded search pattern filesize limit: featureCounts_outputSRR1177971.txt
[2022-04-09 04:16:35,990] multiqc                                            [DEBUG  ]  File ignored by longranger/invocation because it exceeded search pattern filesize limit: featureCounts_outputSRR1177971.txt
[2022-04-09 04:16:35,990] multiqc                                            [DEBUG  ]  File ignored by rockhopper because it exceeded search pattern filesize limit: featureCounts_outputSRR1177971.txt
[2022-04-09 04:16:35,990] multiqc                                            [DEBUG  ]  File ignored by rseqc/bam_stat because it exceeded search pattern filesize limit: featureCounts_outputSRR1177971.txt
[2022-04-09 04:16:35,990] multiqc                                            [DEBUG  ]  File ignored by rseqc/junction_annotation because it exceeded search pattern filesize limit: featureCounts_outputSRR1177971.txt
[2022-04-09 04:16:35,990] multiqc                                            [DEBUG  ]  File ignored by rseqc/read_distribution because it exceeded search pattern filesize limit: featureCounts_outputSRR1177971.txt
[2022-04-09 04:16:35,990] multiqc                                            [DEBUG  ]  File ignored by rseqc/infer_experiment because it exceeded search pattern filesize limit: featureCounts_outputSRR1177971.txt
[2022-04-09 04:16:36,004] multiqc                                            [DEBUG  ]  File ignored by stacks/sumstats because it exceeded search pattern filesize limit: featureCounts_outputSRR1177971.txt
[2022-04-09 04:16:36,503] multiqc                                            [DEBUG  ]  File ignored by hicexplorer because it exceeded search pattern filesize limit: featureCounts_outputSRR1177986.txt
[2022-04-09 04:16:36,506] multiqc                                            [DEBUG  ]  File ignored by longranger/invocation because it exceeded search pattern filesize limit: featureCounts_outputSRR1177986.txt
[2022-04-09 04:16:36,506] multiqc                                            [DEBUG  ]  File ignored by rockhopper because it exceeded search pattern filesize limit: featureCounts_outputSRR1177986.txt
[2022-04-09 04:16:36,506] multiqc                                            [DEBUG  ]  File ignored by rseqc/bam_stat because it exceeded search pattern filesize limit: featureCounts_outputSRR1177986.txt
[2022-04-09 04:16:36,506] multiqc                                            [DEBUG  ]  File ignored by rseqc/junction_annotation because it exceeded search pattern filesize limit: featureCounts_outputSRR1177986.txt
[2022-04-09 04:16:36,506] multiqc                                            [DEBUG  ]  File ignored by rseqc/read_distribution because it exceeded search pattern filesize limit: featureCounts_outputSRR1177986.txt
[2022-04-09 04:16:36,506] multiqc                                            [DEBUG  ]  File ignored by rseqc/infer_experiment because it exceeded search pattern filesize limit: featureCounts_outputSRR1177986.txt
[2022-04-09 04:16:36,517] multiqc                                            [DEBUG  ]  File ignored by stacks/sumstats because it exceeded search pattern filesize limit: featureCounts_outputSRR1177986.txt
[2022-04-09 04:16:37,050] multiqc                                            [DEBUG  ]  File ignored by hicexplorer because it exceeded search pattern filesize limit: featureCounts_outputSRR1177960.txt
[2022-04-09 04:16:37,054] multiqc                                            [DEBUG  ]  File ignored by longranger/invocation because it exceeded search pattern filesize limit: featureCounts_outputSRR1177960.txt
[2022-04-09 04:16:37,054] multiqc                                            [DEBUG  ]  File ignored by rockhopper because it exceeded search pattern filesize limit: featureCounts_outputSRR1177960.txt
[2022-04-09 04:16:37,054] multiqc                                            [DEBUG  ]  File ignored by rseqc/bam_stat because it exceeded search pattern filesize limit: featureCounts_outputSRR1177960.txt
[2022-04-09 04:16:37,054] multiqc                                            [DEBUG  ]  File ignored by rseqc/junction_annotation because it exceeded search pattern filesize limit: featureCounts_outputSRR1177960.txt
[2022-04-09 04:16:37,054] multiqc                                            [DEBUG  ]  File ignored by rseqc/read_distribution because it exceeded search pattern filesize limit: featureCounts_outputSRR1177960.txt
[2022-04-09 04:16:37,054] multiqc                                            [DEBUG  ]  File ignored by rseqc/infer_experiment because it exceeded search pattern filesize limit: featureCounts_outputSRR1177960.txt
[2022-04-09 04:16:37,068] multiqc                                            [DEBUG  ]  File ignored by stacks/sumstats because it exceeded search pattern filesize limit: featureCounts_outputSRR1177960.txt
[2022-04-09 04:16:37,577] multiqc                                            [DEBUG  ]  File ignored by hicexplorer because it exceeded search pattern filesize limit: featureCounts_outputSRR1177984.txt
[2022-04-09 04:16:37,581] multiqc                                            [DEBUG  ]  File ignored by longranger/invocation because it exceeded search pattern filesize limit: featureCounts_outputSRR1177984.txt
[2022-04-09 04:16:37,581] multiqc                                            [DEBUG  ]  File ignored by rockhopper because it exceeded search pattern filesize limit: featureCounts_outputSRR1177984.txt
[2022-04-09 04:16:37,581] multiqc                                            [DEBUG  ]  File ignored by rseqc/bam_stat because it exceeded search pattern filesize limit: featureCounts_outputSRR1177984.txt
[2022-04-09 04:16:37,581] multiqc                                            [DEBUG  ]  File ignored by rseqc/junction_annotation because it exceeded search pattern filesize limit: featureCounts_outputSRR1177984.txt
[2022-04-09 04:16:37,581] multiqc                                            [DEBUG  ]  File ignored by rseqc/read_distribution because it exceeded search pattern filesize limit: featureCounts_outputSRR1177984.txt
[2022-04-09 04:16:37,581] multiqc                                            [DEBUG  ]  File ignored by rseqc/infer_experiment because it exceeded search pattern filesize limit: featureCounts_outputSRR1177984.txt
[2022-04-09 04:16:37,595] multiqc                                            [DEBUG  ]  File ignored by stacks/sumstats because it exceeded search pattern filesize limit: featureCounts_outputSRR1177984.txt
[2022-04-09 04:16:38,130] multiqc                                            [DEBUG  ]  File ignored by hicexplorer because it exceeded search pattern filesize limit: featureCounts_outputSRR1177968.txt
[2022-04-09 04:16:38,134] multiqc                                            [DEBUG  ]  File ignored by longranger/invocation because it exceeded search pattern filesize limit: featureCounts_outputSRR1177968.txt
[2022-04-09 04:16:38,134] multiqc                                            [DEBUG  ]  File ignored by rockhopper because it exceeded search pattern filesize limit: featureCounts_outputSRR1177968.txt
[2022-04-09 04:16:38,134] multiqc                                            [DEBUG  ]  File ignored by rseqc/bam_stat because it exceeded search pattern filesize limit: featureCounts_outputSRR1177968.txt
[2022-04-09 04:16:38,134] multiqc                                            [DEBUG  ]  File ignored by rseqc/junction_annotation because it exceeded search pattern filesize limit: featureCounts_outputSRR1177968.txt
[2022-04-09 04:16:38,134] multiqc                                            [DEBUG  ]  File ignored by rseqc/read_distribution because it exceeded search pattern filesize limit: featureCounts_outputSRR1177968.txt
[2022-04-09 04:16:38,134] multiqc                                            [DEBUG  ]  File ignored by rseqc/infer_experiment because it exceeded search pattern filesize limit: featureCounts_outputSRR1177968.txt
[2022-04-09 04:16:38,146] multiqc                                            [DEBUG  ]  File ignored by stacks/sumstats because it exceeded search pattern filesize limit: featureCounts_outputSRR1177968.txt
[2022-04-09 04:16:38,649] multiqc                                            [DEBUG  ]  File ignored by hicexplorer because it exceeded search pattern filesize limit: featureCounts_outputSRR1178023.txt
[2022-04-09 04:16:38,654] multiqc                                            [DEBUG  ]  File ignored by longranger/invocation because it exceeded search pattern filesize limit: featureCounts_outputSRR1178023.txt
[2022-04-09 04:16:38,654] multiqc                                            [DEBUG  ]  File ignored by rockhopper because it exceeded search pattern filesize limit: featureCounts_outputSRR1178023.txt
[2022-04-09 04:16:38,654] multiqc                                            [DEBUG  ]  File ignored by rseqc/bam_stat because it exceeded search pattern filesize limit: featureCounts_outputSRR1178023.txt
[2022-04-09 04:16:38,654] multiqc                                            [DEBUG  ]  File ignored by rseqc/junction_annotation because it exceeded search pattern filesize limit: featureCounts_outputSRR1178023.txt
[2022-04-09 04:16:38,654] multiqc                                            [DEBUG  ]  File ignored by rseqc/read_distribution because it exceeded search pattern filesize limit: featureCounts_outputSRR1178023.txt
[2022-04-09 04:16:38,654] multiqc                                            [DEBUG  ]  File ignored by rseqc/infer_experiment because it exceeded search pattern filesize limit: featureCounts_outputSRR1178023.txt
[2022-04-09 04:16:38,667] multiqc                                            [DEBUG  ]  File ignored by stacks/sumstats because it exceeded search pattern filesize limit: featureCounts_outputSRR1178023.txt
[2022-04-09 04:16:39,735] multiqc.plots.bargraph                             [DEBUG  ]  Using matplotlib version 3.3.2
[2022-04-09 04:16:39,737] multiqc.plots.linegraph                            [DEBUG  ]  Using matplotlib version 3.3.2
[2022-04-09 04:16:39,742] multiqc                                            [DEBUG  ]  No samples found: custom_content
[2022-04-09 04:16:39,752] multiqc                                            [DEBUG  ]  No samples found: ngsderive
[2022-04-09 04:16:39,762] multiqc                                            [DEBUG  ]  No samples found: purple
[2022-04-09 04:16:39,773] multiqc                                            [DEBUG  ]  No samples found: conpair
[2022-04-09 04:16:39,783] multiqc                                            [DEBUG  ]  No samples found: peddy
[2022-04-09 04:16:39,791] multiqc                                            [DEBUG  ]  No samples found: somalier
[2022-04-09 04:16:39,801] multiqc                                            [DEBUG  ]  No samples found: methylQA
[2022-04-09 04:16:39,818] multiqc                                            [DEBUG  ]  No samples found: mosdepth
[2022-04-09 04:16:39,826] multiqc                                            [DEBUG  ]  No samples found: phantompeakqualtools
[2022-04-09 04:16:39,831] multiqc                                            [DEBUG  ]  No samples found: qualimap
[2022-04-09 04:16:39,838] multiqc                                            [DEBUG  ]  No samples found: preseq
[2022-04-09 04:16:39,846] multiqc                                            [DEBUG  ]  No samples found: quast
[2022-04-09 04:16:39,854] multiqc                                            [DEBUG  ]  No samples found: qorts
[2022-04-09 04:16:39,862] multiqc                                            [DEBUG  ]  No samples found: rna_seqc
[2022-04-09 04:16:39,874] multiqc                                            [DEBUG  ]  No samples found: rockhopper
[2022-04-09 04:16:39,883] multiqc                                            [DEBUG  ]  No samples found: rsem
[2022-04-09 04:16:39,906] multiqc                                            [DEBUG  ]  No samples found: rseqc
[2022-04-09 04:16:39,919] multiqc                                            [DEBUG  ]  No samples found: busco
[2022-04-09 04:16:39,928] multiqc                                            [DEBUG  ]  No samples found: goleft_indexcov
[2022-04-09 04:16:39,936] multiqc                                            [DEBUG  ]  No samples found: disambiguate
[2022-04-09 04:16:39,944] multiqc                                            [DEBUG  ]  No samples found: supernova
[2022-04-09 04:16:39,969] multiqc                                            [DEBUG  ]  No samples found: deeptools
[2022-04-09 04:16:39,980] multiqc                                            [DEBUG  ]  No samples found: sargasso
[2022-04-09 04:16:39,988] multiqc                                            [DEBUG  ]  No samples found: verifybamid
[2022-04-09 04:16:39,997] multiqc                                            [DEBUG  ]  No samples found: mirtrace
[2022-04-09 04:16:40,004] multiqc                                            [DEBUG  ]  No samples found: happy
[2022-04-09 04:16:40,016] multiqc                                            [DEBUG  ]  No samples found: mirtop
[2022-04-09 04:16:40,030] multiqc                                            [DEBUG  ]  No samples found: homer
[2022-04-09 04:16:40,040] multiqc                                            [DEBUG  ]  No samples found: hops
[2022-04-09 04:16:40,048] multiqc                                            [DEBUG  ]  No samples found: macs2
[2022-04-09 04:16:40,057] multiqc                                            [DEBUG  ]  No samples found: theta2
[2022-04-09 04:16:40,066] multiqc                                            [DEBUG  ]  No samples found: snpeff
[2022-04-09 04:16:40,080] multiqc                                            [DEBUG  ]  No samples found: gatk
[2022-04-09 04:16:40,089] multiqc                                            [DEBUG  ]  No samples found: htseq
[2022-04-09 04:16:40,100] multiqc                                            [DEBUG  ]  No samples found: bcftools
[2022-04-09 04:16:40,110] multiqc.modules.featureCounts.feature_counts       [INFO   ]  Found 9 reports
[2022-04-09 04:16:40,129] multiqc                                            [DEBUG  ]  No samples found: fgbio
[2022-04-09 04:16:40,151] multiqc                                            [DEBUG  ]  No samples found: dragen
[2022-04-09 04:16:40,162] multiqc                                            [DEBUG  ]  No samples found: dedup
[2022-04-09 04:16:40,172] multiqc                                            [DEBUG  ]  No samples found: damageprofiler
[2022-04-09 04:16:40,215] multiqc                                            [DEBUG  ]  No samples found: biobambam2
[2022-04-09 04:16:40,228] multiqc                                            [DEBUG  ]  No samples found: jcvi
[2022-04-09 04:16:40,236] multiqc                                            [DEBUG  ]  No samples found: mtnucratio
[2022-04-09 04:16:40,239] multiqc                                            [DEBUG  ]  No samples found: picard
[2022-04-09 04:16:40,252] multiqc                                            [DEBUG  ]  No samples found: sentieon
[2022-04-09 04:16:40,262] multiqc                                            [DEBUG  ]  No samples found: prokka
[2022-04-09 04:16:40,271] multiqc                                            [DEBUG  ]  No samples found: qc3C
[2022-04-09 04:16:40,279] multiqc                                            [DEBUG  ]  No samples found: samblaster
[2022-04-09 04:16:40,295] multiqc                                            [DEBUG  ]  No samples found: samtools
[2022-04-09 04:16:40,308] multiqc                                            [DEBUG  ]  No samples found: sexdeterrmine
[2022-04-09 04:16:40,317] multiqc                                            [DEBUG  ]  No samples found: eigenstratdatabasetools
[2022-04-09 04:16:40,325] multiqc                                            [DEBUG  ]  No samples found: bamtools
[2022-04-09 04:16:40,336] multiqc                                            [DEBUG  ]  No samples found: jellyfish
[2022-04-09 04:16:40,352] multiqc                                            [DEBUG  ]  No samples found: vcftools
[2022-04-09 04:16:40,361] multiqc                                            [DEBUG  ]  No samples found: longranger
[2022-04-09 04:16:40,370] multiqc                                            [DEBUG  ]  No samples found: stacks
[2022-04-09 04:16:40,378] multiqc                                            [DEBUG  ]  No samples found: varscan2
[2022-04-09 04:16:40,406] multiqc                                            [DEBUG  ]  No samples found: bbmap
[2022-04-09 04:16:40,420] multiqc                                            [DEBUG  ]  No samples found: bismark
[2022-04-09 04:16:40,429] multiqc                                            [DEBUG  ]  No samples found: biscuit
[2022-04-09 04:16:40,436] multiqc                                            [DEBUG  ]  No samples found: hicexplorer
[2022-04-09 04:16:40,444] multiqc                                            [DEBUG  ]  No samples found: hicup
[2022-04-09 04:16:40,452] multiqc                                            [DEBUG  ]  No samples found: hicpro
[2022-04-09 04:16:40,459] multiqc                                            [DEBUG  ]  No samples found: salmon
[2022-04-09 04:16:40,467] multiqc                                            [DEBUG  ]  No samples found: kallisto
[2022-04-09 04:16:40,475] multiqc                                            [DEBUG  ]  No samples found: slamdunk
[2022-04-09 04:16:40,483] multiqc                                            [DEBUG  ]  No samples found: star
[2022-04-09 04:16:40,490] multiqc                                            [DEBUG  ]  No samples found: hisat2
[2022-04-09 04:16:40,497] multiqc                                            [DEBUG  ]  No samples found: tophat
[2022-04-09 04:16:40,507] multiqc                                            [DEBUG  ]  No samples found: bowtie2
[2022-04-09 04:16:40,516] multiqc                                            [DEBUG  ]  No samples found: bowtie1
[2022-04-09 04:16:40,523] multiqc                                            [DEBUG  ]  No samples found: snpsplit
[2022-04-09 04:16:40,532] multiqc                                            [DEBUG  ]  No samples found: kat
[2022-04-09 04:16:40,539] multiqc                                            [DEBUG  ]  No samples found: leehom
[2022-04-09 04:16:40,547] multiqc                                            [DEBUG  ]  No samples found: adapterRemoval
[2022-04-09 04:16:40,559] multiqc                                            [DEBUG  ]  No samples found: clipandmerge
[2022-04-09 04:16:40,569] multiqc                                            [DEBUG  ]  No samples found: cutadapt
[2022-04-09 04:16:40,580] multiqc                                            [DEBUG  ]  No samples found: flexbar
[2022-04-09 04:16:40,589] multiqc                                            [DEBUG  ]  No samples found: kaiju
[2022-04-09 04:16:40,597] multiqc                                            [DEBUG  ]  No samples found: kraken
[2022-04-09 04:16:40,608] multiqc                                            [DEBUG  ]  No samples found: malt
[2022-04-09 04:16:40,617] multiqc                                            [DEBUG  ]  No samples found: trimmomatic
[2022-04-09 04:16:40,624] multiqc                                            [DEBUG  ]  No samples found: sickle
[2022-04-09 04:16:40,632] multiqc                                            [DEBUG  ]  No samples found: skewer
[2022-04-09 04:16:40,639] multiqc                                            [DEBUG  ]  No samples found: sortmerna
[2022-04-09 04:16:40,649] multiqc                                            [DEBUG  ]  No samples found: biobloomtools
[2022-04-09 04:16:40,658] multiqc                                            [DEBUG  ]  No samples found: fastq_screen
[2022-04-09 04:16:40,666] multiqc                                            [DEBUG  ]  No samples found: afterqc
[2022-04-09 04:16:40,678] multiqc                                            [DEBUG  ]  No samples found: fastp
[2022-04-09 04:16:40,689] multiqc                                            [DEBUG  ]  No samples found: fastqc
[2022-04-09 04:16:40,696] multiqc                                            [DEBUG  ]  No samples found: pychopper
[2022-04-09 04:16:40,706] multiqc                                            [DEBUG  ]  No samples found: pycoqc
[2022-04-09 04:16:40,716] multiqc                                            [DEBUG  ]  No samples found: minionqc
[2022-04-09 04:16:40,724] multiqc                                            [DEBUG  ]  No samples found: multivcfanalyzer
[2022-04-09 04:16:40,731] multiqc                                            [DEBUG  ]  No samples found: clusterflow
[2022-04-09 04:16:40,738] multiqc                                            [DEBUG  ]  No samples found: bcl2fastq
[2022-04-09 04:16:40,750] multiqc                                            [DEBUG  ]  No samples found: interop
[2022-04-09 04:16:40,759] multiqc                                            [DEBUG  ]  No samples found: ivar
[2022-04-09 04:16:40,767] multiqc                                            [DEBUG  ]  No samples found: flash
[2022-04-09 04:16:40,775] multiqc                                            [DEBUG  ]  No samples found: seqyclean
[2022-04-09 04:16:40,782] multiqc                                            [DEBUG  ]  No samples found: optitype
[2022-04-09 04:16:40,788] multiqc                                            [INFO   ]  Compressing plot data
[2022-04-09 04:16:40,791] multiqc                                            [WARNING]  Previous MultiQC output found! Adjusting filenames..
[2022-04-09 04:16:40,792] multiqc                                            [WARNING]  Use -f or --force to overwrite existing reports instead
[2022-04-09 04:16:40,792] multiqc                                            [INFO   ]  Report      : multiqc_report_1.html
[2022-04-09 04:16:40,792] multiqc                                            [INFO   ]  Data        : multiqc_data_1
[2022-04-09 04:16:40,792] multiqc                                            [DEBUG  ]  Moving data file from '/scratch/4065766.1.academic/tmprmxhwj8c/multiqc_data' to '/projectnb2/bf528/users/swiss_cheese_2022/project_3/programmer/multiqc_data_1'
[2022-04-09 04:16:40,979] multiqc                                            [INFO   ]  MultiQC complete
